current directory: /home/charles/repos/moneyapp3/path/ruby/3.2.0/gems/puma-6.4.2/ext/puma_http11
/home/charles/.rbenv/versions/3.2.3/bin/ruby extconf.rb
checking for BIO_read() in -llibcrypto... no
checking for BIO_read() in -lcrypto... yes
checking for SSL_CTX_new() in -lssl... yes
checking for openssl/bio.h... yes
checking for DTLS_method() in openssl/ssl.h... yes
checking for SSL_CTX_set_session_cache_mode(NULL, 0) in openssl/ssl.h... yes
checking for TLS_server_method() in openssl/ssl.h... yes
checking for SSL_CTX_set_min_proto_version(NULL, 0) in openssl/ssl.h... yes
checking for X509_STORE_up_ref()... yes
checking for SSL_CTX_set_ecdh_auto(NULL, 0) in openssl/ssl.h... yes
checking for SSL_CTX_set_dh_auto(NULL, 0) in openssl/ssl.h... yes
checking for SSL_get1_peer_certificate() in openssl/ssl.h... yes
checking for Random.bytes... yes
creating Makefile

current directory: /home/charles/repos/moneyapp3/path/ruby/3.2.0/gems/puma-6.4.2/ext/puma_http11
make DESTDIR\= sitearchdir\=./.gem.20240907-10937-37c3br sitelibdir\=./.gem.20240907-10937-37c3br clean

current directory: /home/charles/repos/moneyapp3/path/ruby/3.2.0/gems/puma-6.4.2/ext/puma_http11
make DESTDIR\= sitearchdir\=./.gem.20240907-10937-37c3br sitelibdir\=./.gem.20240907-10937-37c3br
compiling http11_parser.c
compiling mini_ssl.c
compiling puma_http11.c
linking shared-object puma/puma_http11.so

current directory: /home/charles/repos/moneyapp3/path/ruby/3.2.0/gems/puma-6.4.2/ext/puma_http11
make DESTDIR\= sitearchdir\=./.gem.20240907-10937-37c3br sitelibdir\=./.gem.20240907-10937-37c3br install
/usr/bin/install -c -m 0755 puma_http11.so ./.gem.20240907-10937-37c3br/puma

current directory: /home/charles/repos/moneyapp3/path/ruby/3.2.0/gems/puma-6.4.2/ext/puma_http11
make DESTDIR\= sitearchdir\=./.gem.20240907-10937-37c3br sitelibdir\=./.gem.20240907-10937-37c3br clean
