current directory: /home/charles/repos/moneyapp3/path/ruby/3.2.0/gems/prism-1.0.0/ext/prism
/home/charles/.rbenv/versions/3.2.3/bin/ruby extconf.rb
/home/charles/.rbenv/versions/3.2.3/bin/ruby: warning: Ruby was built without YJIT support. You may need to install rustc to build Ruby with YJIT.
checking for prism.h in /home/charles/repos/moneyapp3/path/ruby/3.2.0/gems/prism-1.0.0/include... yes
checking for prism/extension.h in /home/charles/repos/moneyapp3/path/ruby/3.2.0/gems/prism-1.0.0/ext... yes
checking for whether -fvisibility=hidden is accepted as CFLAGS... yes
Running make build/libprism.a with {"SOEXT"=>"so", "MAKEDIRS"=>"/usr/bin/mkdir -p", "RMALL"=>"rm -fr"}
compiling build/static/diagnostic.o
compiling build/static/encoding.o
compiling build/static/node.o
compiling build/static/options.o
compiling build/static/pack.o
compiling build/static/prettyprint.o
compiling build/static/prism.o
compiling build/static/regexp.o
compiling build/static/serialize.o
compiling build/static/static_literals.o
compiling build/static/token_type.o
compiling build/static/util/pm_buffer.o
compiling build/static/util/pm_char.o
compiling build/static/util/pm_constant_pool.o
compiling build/static/util/pm_integer.o
compiling build/static/util/pm_list.o
compiling build/static/util/pm_memchr.o
compiling build/static/util/pm_newline_list.o
compiling build/static/util/pm_string.o
compiling build/static/util/pm_strncasecmp.o
compiling build/static/util/pm_strpbrk.o
building build/libprism.a with ar
ar: creating build/libprism.a
creating Makefile

current directory: /home/charles/repos/moneyapp3/path/ruby/3.2.0/gems/prism-1.0.0/ext/prism
make DESTDIR\= sitearchdir\=./.gem.20240907-12427-j2xyqt sitelibdir\=./.gem.20240907-12427-j2xyqt clean

current directory: /home/charles/repos/moneyapp3/path/ruby/3.2.0/gems/prism-1.0.0/ext/prism
make DESTDIR\= sitearchdir\=./.gem.20240907-12427-j2xyqt sitelibdir\=./.gem.20240907-12427-j2xyqt
compiling api_node.c
compiling api_pack.c
compiling extension.c
linking shared-object prism/prism.so

current directory: /home/charles/repos/moneyapp3/path/ruby/3.2.0/gems/prism-1.0.0/ext/prism
make DESTDIR\= sitearchdir\=./.gem.20240907-12427-j2xyqt sitelibdir\=./.gem.20240907-12427-j2xyqt install
/usr/bin/install -c -m 0755 prism.so ./.gem.20240907-12427-j2xyqt/prism

current directory: /home/charles/repos/moneyapp3/path/ruby/3.2.0/gems/prism-1.0.0/ext/prism
make DESTDIR\= sitearchdir\=./.gem.20240907-12427-j2xyqt sitelibdir\=./.gem.20240907-12427-j2xyqt clean
