current directory: /home/charles/repos/moneyapp3/path/ruby/3.2.0/gems/date-3.3.4/ext/date
/home/charles/.rbenv/versions/3.2.3/bin/ruby extconf.rb
checking for rb_category_warn()... yes
checking for timezone in time.h with  -Werror... yes
checking for altzone in time.h with  -Werror... no
creating Makefile

current directory: /home/charles/repos/moneyapp3/path/ruby/3.2.0/gems/date-3.3.4/ext/date
make DESTDIR\= sitearchdir\=./.gem.20240907-10937-gue49 sitelibdir\=./.gem.20240907-10937-gue49 clean

current directory: /home/charles/repos/moneyapp3/path/ruby/3.2.0/gems/date-3.3.4/ext/date
make DESTDIR\= sitearchdir\=./.gem.20240907-10937-gue49 sitelibdir\=./.gem.20240907-10937-gue49
compiling date_core.c
compiling date_parse.c
compiling date_strftime.c
compiling date_strptime.c
linking shared-object date_core.so

current directory: /home/charles/repos/moneyapp3/path/ruby/3.2.0/gems/date-3.3.4/ext/date
make DESTDIR\= sitearchdir\=./.gem.20240907-10937-gue49 sitelibdir\=./.gem.20240907-10937-gue49 install
/usr/bin/install -c -m 0755 date_core.so ./.gem.20240907-10937-gue49

current directory: /home/charles/repos/moneyapp3/path/ruby/3.2.0/gems/date-3.3.4/ext/date
make DESTDIR\= sitearchdir\=./.gem.20240907-10937-gue49 sitelibdir\=./.gem.20240907-10937-gue49 clean
